<?xml version="1.0" encoding="UTF-8"?>
<testsuite xmlns:xsi="http://www.w3.org/2001/XMLSchema-instance" xsi:noNamespaceSchemaLocation="https://maven.apache.org/surefire/maven-surefire-plugin/xsd/surefire-test-report.xsd" version="3.0.1" name="com.nt.main.StringUtilTest" time="0.095" tests="15" errors="1" skipped="0" failures="2">
  <properties>
[...]
</properties>
  <testcase name="testBoundaryYear" classname="com.nt.main.StringUtilTest" time="0.012">
    <system-out><![CDATA[BeforeAll: Creating object
BeforeEach: Test starting...
AfterEach: Test finished.
]]></system-out>
  </testcase>
  <testcase name="testLeapYear" classname="com.nt.main.StringUtilTest" time="0.003">
    <system-out><![CDATA[BeforeEach: Test starting...
AfterEach: Test finished.
]]></system-out>
  </testcase>
  <testcase name="testSingleTonClass" classname="com.nt.main.StringUtilTest" time="0.012">
    <system-out><![CDATA[BeforeEach: Test starting...
587153993....587153993
AfterEach: Test finished.
]]></system-out>
  </testcase>
  <testcase name="testSingleCharacter" classname="com.nt.main.StringUtilTest" time="0.003">
    <system-out><![CDATA[BeforeEach: Test starting...
AfterEach: Test finished.
]]></system-out>
  </testcase>
  <testcase name="testInvalidYear" classname="com.nt.main.StringUtilTest" time="0.002">
    <system-out><![CDATA[BeforeEach: Test starting...
AfterEach: Test finished.
]]></system-out>
  </testcase>
  <testcase name="testValidPalindrome" classname="com.nt.main.StringUtilTest" time="0.001">
    <system-out><![CDATA[BeforeEach: Test starting...
AfterEach: Test finished.
]]></system-out>
  </testcase>
  <testcase name="testValidDate" classname="com.nt.main.StringUtilTest" time="0.002">
    <system-out><![CDATA[BeforeEach: Test starting...
AfterEach: Test finished.
]]></system-out>
  </testcase>
  <testcase name="createDate_shouldExecuteWithin20Milliseconds" classname="com.nt.main.StringUtilTest" time="0.002">
    <system-out><![CDATA[BeforeEach: Test starting...
AfterEach: Test finished.
]]></system-out>
  </testcase>
  <testcase name="testEmptyString" classname="com.nt.main.StringUtilTest" time="0.002">
    <system-out><![CDATA[BeforeEach: Test starting...
AfterEach: Test finished.
]]></system-out>
  </testcase>
  <testcase name="testNonSingleTonClass" classname="com.nt.main.StringUtilTest" time="0.019">
    <failure message="expected: not equal but was: &lt;2026-02-15&gt;" type="org.opentest4j.AssertionFailedError"><![CDATA[org.opentest4j.AssertionFailedError: expected: not equal but was: <2026-02-15>
	at org.junit.jupiter.api.AssertionFailureBuilder.build(AssertionFailureBuilder.java:152)
	at org.junit.jupiter.api.AssertionFailureBuilder.buildAndThrow(AssertionFailureBuilder.java:132)
	at org.junit.jupiter.api.AssertNotEquals.failEqual(AssertNotEquals.java:277)
	at org.junit.jupiter.api.AssertNotEquals.assertNotEquals(AssertNotEquals.java:263)
	at org.junit.jupiter.api.AssertNotEquals.assertNotEquals(AssertNotEquals.java:258)
	at org.junit.jupiter.api.Assertions.assertNotEquals(Assertions.java:2819)
	at com.nt.main.StringUtilTest.testNonSingleTonClass(StringUtilTest.java:144)
	at java.base/java.lang.reflect.Method.invoke(Method.java:580)
	at java.base/java.util.ArrayList.forEach(ArrayList.java:1596)
	at java.base/java.util.ArrayList.forEach(ArrayList.java:1596)
]]></failure>
    <system-out><![CDATA[BeforeEach: Test starting...
4149391....4149391
AfterEach: Test finished.
]]></system-out>
  </testcase>
  <testcase name="testInvalidPalindrome" classname="com.nt.main.StringUtilTest" time="0.001">
    <system-out><![CDATA[BeforeEach: Test starting...
AfterEach: Test finished.
]]></system-out>
  </testcase>
  <testcase name="testInvalidMonth" classname="com.nt.main.StringUtilTest" time="0.002">
    <error message="Invalid value for MonthOfYear (valid values 1 - 12): 0" type="java.time.DateTimeException"><![CDATA[java.time.DateTimeException: Invalid value for MonthOfYear (valid values 1 - 12): 0
	at java.base/java.time.temporal.ValueRange.checkValidValue(ValueRange.java:319)
	at java.base/java.time.temporal.ChronoField.checkValidValue(ChronoField.java:718)
	at java.base/java.time.LocalDate.of(LocalDate.java:273)
	at com.nt.main.StringUtil.createDate(StringUtil.java:20)
	at com.nt.main.StringUtilTest.testInvalidMonth(StringUtilTest.java:96)
	at java.base/java.lang.reflect.Method.invoke(Method.java:580)
	at java.base/java.util.ArrayList.forEach(ArrayList.java:1596)
	at java.base/java.util.ArrayList.forEach(ArrayList.java:1596)
]]></error>
    <system-out><![CDATA[BeforeEach: Test starting...
AfterEach: Test finished.
]]></system-out>
  </testcase>
  <testcase name="testNullInput" classname="com.nt.main.StringUtilTest" time="0.002">
    <system-out><![CDATA[BeforeEach: Test starting...
AfterEach: Test finished.
]]></system-out>
  </testcase>
  <testcase name="testInvalidDay" classname="com.nt.main.StringUtilTest" time="0.003">
    <failure message="expected: &lt;null&gt; but was: &lt;2000-10-20&gt;" type="org.opentest4j.AssertionFailedError"><![CDATA[org.opentest4j.AssertionFailedError: expected: <null> but was: <2000-10-20>
	at org.junit.jupiter.api.AssertionFailureBuilder.build(AssertionFailureBuilder.java:151)
	at org.junit.jupiter.api.AssertionFailureBuilder.buildAndThrow(AssertionFailureBuilder.java:132)
	at org.junit.jupiter.api.AssertNull.failNotNull(AssertNull.java:50)
	at org.junit.jupiter.api.AssertNull.assertNull(AssertNull.java:35)
	at org.junit.jupiter.api.AssertNull.assertNull(AssertNull.java:30)
	at org.junit.jupiter.api.Assertions.assertNull(Assertions.java:279)
	at com.nt.main.StringUtilTest.testInvalidDay(StringUtilTest.java:103)
	at java.base/java.lang.reflect.Method.invoke(Method.java:580)
	at java.base/java.util.ArrayList.forEach(ArrayList.java:1596)
	at java.base/java.util.ArrayList.forEach(ArrayList.java:1596)
]]></failure>
    <system-out><![CDATA[BeforeEach: Test starting...
AfterEach: Test finished.
]]></system-out>
  </testcase>
  <testcase name="testCaseSensitive" classname="com.nt.main.StringUtilTest" time="0.002">
    <system-out><![CDATA[BeforeEach: Test starting...
AfterEach: Test finished.
]]></system-out>
  </testcase>
</testsuite>