<?xml version="1.0" encoding="UTF-8"?>
<testsuite xmlns:xsi="http://www.w3.org/2001/XMLSchema-instance" xsi:noNamespaceSchemaLocation="https://maven.apache.org/surefire/maven-surefire-plugin/xsd/surefire-test-report.xsd" version="3.0.1" name="com.nt.main.StringUtilTest" time="0.095" tests="15" errors="1" skipped="0" failures="2">
  <properties>
    <property name="java.specification.version" value="21"/>
    <property name="sun.cpu.isalist" value="amd64"/>
    <property name="sun.jnu.encoding" value="Cp1252"/>
    <property name="java.class.path" value="C:\Users\gnani\eclipse-workspace-DevSecOps\MavenProj01Test\target\test-classes;C:\Users\gnani\eclipse-workspace-DevSecOps\MavenProj01Test\target\classes;C:\Users\gnani\.m2\repository\org\junit\jupiter\junit-jupiter-api\5.11.0\junit-jupiter-api-5.11.0.jar;C:\Users\gnani\.m2\repository\org\opentest4j\opentest4j\1.3.0\opentest4j-1.3.0.jar;C:\Users\gnani\.m2\repository\org\junit\platform\junit-platform-commons\1.11.0\junit-platform-commons-1.11.0.jar;C:\Users\gnani\.m2\repository\org\apiguardian\apiguardian-api\1.1.2\apiguardian-api-1.1.2.jar;C:\Users\gnani\.m2\repository\org\junit\jupiter\junit-jupiter-params\5.11.0\junit-jupiter-params-5.11.0.jar;"/>
    <property name="java.vm.vendor" value="Eclipse Adoptium"/>
    <property name="sun.arch.data.model" value="64"/>
    <property name="user.variant" value=""/>
    <property name="java.vendor.url" value="https://adoptium.net/"/>
    <property name="user.timezone" value="America/Chicago"/>
    <property name="os.name" value="Windows 11"/>
    <property name="java.vm.specification.version" value="21"/>
    <property name="sun.java.launcher" value="SUN_STANDARD"/>
    <property name="user.country" value="US"/>
    <property name="sun.boot.library.path" value="C:\Users\gnani\.p2\pool\plugins\org.eclipse.justj.openjdk.hotspot.jre.full.win32.x86_64_21.0.8.v20250724-1412\jre\bin"/>
    <property name="sun.java.command" value="C:\Users\gnani\AppData\Local\Temp\surefire17204110276667722142\surefirebooter-20260215215932715_3.jar C:\Users\gnani\AppData\Local\Temp\surefire17204110276667722142 2026-02-15T21-59-32_336-jvmRun1 surefire-20260215215932715_1tmp surefire_0-20260215215932715_2tmp"/>
    <property name="jdk.debug" value="release"/>
    <property name="surefire.test.class.path" value="C:\Users\gnani\eclipse-workspace-DevSecOps\MavenProj01Test\target\test-classes;C:\Users\gnani\eclipse-workspace-DevSecOps\MavenProj01Test\target\classes;C:\Users\gnani\.m2\repository\org\junit\jupiter\junit-jupiter-api\5.11.0\junit-jupiter-api-5.11.0.jar;C:\Users\gnani\.m2\repository\org\opentest4j\opentest4j\1.3.0\opentest4j-1.3.0.jar;C:\Users\gnani\.m2\repository\org\junit\platform\junit-platform-commons\1.11.0\junit-platform-commons-1.11.0.jar;C:\Users\gnani\.m2\repository\org\apiguardian\apiguardian-api\1.1.2\apiguardian-api-1.1.2.jar;C:\Users\gnani\.m2\repository\org\junit\jupiter\junit-jupiter-params\5.11.0\junit-jupiter-params-5.11.0.jar;"/>
    <property name="sun.cpu.endian" value="little"/>
    <property name="user.home" value="C:\Users\gnani"/>
    <property name="user.language" value="en"/>
    <property name="java.specification.vendor" value="Oracle Corporation"/>
    <property name="java.version.date" value="2025-07-15"/>
    <property name="java.home" value="C:\Users\gnani\.p2\pool\plugins\org.eclipse.justj.openjdk.hotspot.jre.full.win32.x86_64_21.0.8.v20250724-1412\jre"/>
    <property name="file.separator" value="\"/>
    <property name="basedir" value="C:\Users\gnani\eclipse-workspace-DevSecOps\MavenProj01Test"/>
    <property name="style.color" value="always"/>
    <property name="java.vm.compressedOopsMode" value="Zero based"/>
    <property name="line.separator" value="&#10;"/>
    <property name="java.vm.specification.vendor" value="Oracle Corporation"/>
    <property name="java.specification.name" value="Java Platform API Specification"/>
    <property name="surefire.real.class.path" value="C:\Users\gnani\AppData\Local\Temp\surefire17204110276667722142\surefirebooter-20260215215932715_3.jar"/>
    <property name="user.script" value=""/>
    <property name="sun.management.compiler" value="HotSpot 64-Bit Tiered Compilers"/>
    <property name="java.runtime.version" value="21.0.8+9-LTS"/>
    <property name="user.name" value="gnani"/>
    <property name="stdout.encoding" value="Cp1252"/>
    <property name="path.separator" value=";"/>
    <property name="os.version" value="10.0"/>
    <property name="java.runtime.name" value="OpenJDK Runtime Environment"/>
    <property name="file.encoding" value="UTF-8"/>
    <property name="java.vm.name" value="OpenJDK 64-Bit Server VM"/>
    <property name="java.vendor.version" value="Temurin-21.0.8+9"/>
    <property name="localRepository" value="C:\Users\gnani\.m2\repository"/>
    <property name="java.vendor.url.bug" value="https://github.com/adoptium/adoptium-support/issues"/>
    <property name="java.io.tmpdir" value="C:\Users\gnani\AppData\Local\Temp\"/>
    <property name="java.version" value="21.0.8"/>
    <property name="user.dir" value="C:\Users\gnani\eclipse-workspace-DevSecOps\MavenProj01Test"/>
    <property name="os.arch" value="amd64"/>
    <property name="java.vm.specification.name" value="Java Virtual Machine Specification"/>
    <property name="sun.os.patch.level" value=""/>
    <property name="native.encoding" value="Cp1252"/>
    <property name="java.library.path" value="C:\Users\gnani\.p2\pool\plugins\org.eclipse.justj.openjdk.hotspot.jre.full.win32.x86_64_21.0.8.v20250724-1412\jre\bin;C:\Windows\Sun\Java\bin;C:\Windows\system32;C:\Windows;C:/Users/gnani/.p2/pool/plugins/org.eclipse.justj.openjdk.hotspot.jre.full.win32.x86_64_21.0.8.v20250724-1412/jre/bin/server;C:/Users/gnani/.p2/pool/plugins/org.eclipse.justj.openjdk.hotspot.jre.full.win32.x86_64_21.0.8.v20250724-1412/jre/bin;C:\Program Files\Common Files\Oracle\Java\javapath;C:\Users\gnani\Downloads\WINDOWS.X64_213000_db_home\bin;C:\Windows\system32;C:\Windows;C:\Windows\System32\Wbem;C:\Windows\System32\WindowsPowerShell\v1.0\;C:\Windows\System32\OpenSSH\;C:\Program Files\Apache\Maven\apache-maven-3.9.11-bin\apache-maven-3.9.11\bin;C:\Program Files\Git\cmd;C:\Program Files\MongoDB\mongosh-2.5.8-win32-x64\bin;C:\Program Files\nodejs\;C:\Program Files\Docker\Docker\resources\bin;C:\Program Files\TortoiseGit\bin;C:\Program Files\Amazon\AWSCLIV2\;C:\Users\gnani\AppData\Local\Programs\Python\Python312\Scripts\;C:\Users\gnani\AppData\Local\Programs\Python\Python312\;C:\Users\gnani\AppData\Local\Programs\Python\Launcher\;C:\Program Files\MySQL\MySQL Shell 8.0\bin\;C:\Users\gnani\AppData\Local\Microsoft\WindowsApps;C:\Users\gnani\AppData\Local\Programs\Microsoft VS Code\bin;C:\Users\gnani\AppData\Local\Programs\cursor\resources\app\bin;C:\Users\gnani\AppData\Roaming\npm;C:\Users\gnani\AppData\Local\Programs\Azure Data Studio\bin;C:\Users\gnani\AppData\Local\Programs\Ollama;C:\Users\gnani\AppData\Local\Programs\Antigravity\bin;C:\Windows\system32;;."/>
    <property name="java.vm.info" value="mixed mode, sharing"/>
    <property name="stderr.encoding" value="Cp1252"/>
    <property name="java.vendor" value="Eclipse Adoptium"/>
    <property name="java.vm.version" value="21.0.8+9-LTS"/>
    <property name="sun.io.unicode.encoding" value="UnicodeLittle"/>
    <property name="java.class.version" value="65.0"/>
  </properties>
  <testcase name="testBoundaryYear" classname="com.nt.main.StringUtilTest" time="0.012">
    <system-out><![CDATA[BeforeAll: Creating object
BeforeEach: Test starting...
AfterEach: Test finished.
]]></system-out>
  </testcase>
  <testcase name="testLeapYear" classname="com.nt.main.StringUtilTest" time="0.003">
    <system-out><![CDATA[BeforeEach: Test starting...
AfterEach: Test finished.
]]></system-out>
  </testcase>
  <testcase name="testSingleTonClass" classname="com.nt.main.StringUtilTest" time="0.012">
    <system-out><![CDATA[BeforeEach: Test starting...
587153993....587153993
AfterEach: Test finished.
]]></system-out>
  </testcase>
  <testcase name="testSingleCharacter" classname="com.nt.main.StringUtilTest" time="0.003">
    <system-out><![CDATA[BeforeEach: Test starting...
AfterEach: Test finished.
]]></system-out>
  </testcase>
  <testcase name="testInvalidYear" classname="com.nt.main.StringUtilTest" time="0.002">
    <system-out><![CDATA[BeforeEach: Test starting...
AfterEach: Test finished.
]]></system-out>
  </testcase>
  <testcase name="testValidPalindrome" classname="com.nt.main.StringUtilTest" time="0.001">
    <system-out><![CDATA[BeforeEach: Test starting...
AfterEach: Test finished.
]]></system-out>
  </testcase>
  <testcase name="testValidDate" classname="com.nt.main.StringUtilTest" time="0.002">
    <system-out><![CDATA[BeforeEach: Test starting...
AfterEach: Test finished.
]]></system-out>
  </testcase>
  <testcase name="createDate_shouldExecuteWithin20Milliseconds" classname="com.nt.main.StringUtilTest" time="0.002">
    <system-out><![CDATA[BeforeEach: Test starting...
AfterEach: Test finished.
]]></system-out>
  </testcase>
  <testcase name="testEmptyString" classname="com.nt.main.StringUtilTest" time="0.002">
    <system-out><![CDATA[BeforeEach: Test starting...
AfterEach: Test finished.
]]></system-out>
  </testcase>
  <testcase name="testNonSingleTonClass" classname="com.nt.main.StringUtilTest" time="0.019">
    <failure message="expected: not equal but was: &lt;2026-02-15&gt;" type="org.opentest4j.AssertionFailedError"><![CDATA[org.opentest4j.AssertionFailedError: expected: not equal but was: <2026-02-15>
	at org.junit.jupiter.api.AssertionFailureBuilder.build(AssertionFailureBuilder.java:152)
	at org.junit.jupiter.api.AssertionFailureBuilder.buildAndThrow(AssertionFailureBuilder.java:132)
	at org.junit.jupiter.api.AssertNotEquals.failEqual(AssertNotEquals.java:277)
	at org.junit.jupiter.api.AssertNotEquals.assertNotEquals(AssertNotEquals.java:263)
	at org.junit.jupiter.api.AssertNotEquals.assertNotEquals(AssertNotEquals.java:258)
	at org.junit.jupiter.api.Assertions.assertNotEquals(Assertions.java:2819)
	at com.nt.main.StringUtilTest.testNonSingleTonClass(StringUtilTest.java:144)
	at java.base/java.lang.reflect.Method.invoke(Method.java:580)
	at java.base/java.util.ArrayList.forEach(ArrayList.java:1596)
	at java.base/java.util.ArrayList.forEach(ArrayList.java:1596)
]]></failure>
    <system-out><![CDATA[BeforeEach: Test starting...
4149391....4149391
AfterEach: Test finished.
]]></system-out>
  </testcase>
  <testcase name="testInvalidPalindrome" classname="com.nt.main.StringUtilTest" time="0.001">
    <system-out><![CDATA[BeforeEach: Test starting...
AfterEach: Test finished.
]]></system-out>
  </testcase>
  <testcase name="testInvalidMonth" classname="com.nt.main.StringUtilTest" time="0.002">
    <error message="Invalid value for MonthOfYear (valid values 1 - 12): 0" type="java.time.DateTimeException"><![CDATA[java.time.DateTimeException: Invalid value for MonthOfYear (valid values 1 - 12): 0
	at java.base/java.time.temporal.ValueRange.checkValidValue(ValueRange.java:319)
	at java.base/java.time.temporal.ChronoField.checkValidValue(ChronoField.java:718)
	at java.base/java.time.LocalDate.of(LocalDate.java:273)
	at com.nt.main.StringUtil.createDate(StringUtil.java:20)
	at com.nt.main.StringUtilTest.testInvalidMonth(StringUtilTest.java:96)
	at java.base/java.lang.reflect.Method.invoke(Method.java:580)
	at java.base/java.util.ArrayList.forEach(ArrayList.java:1596)
	at java.base/java.util.ArrayList.forEach(ArrayList.java:1596)
]]></error>
    <system-out><![CDATA[BeforeEach: Test starting...
AfterEach: Test finished.
]]></system-out>
  </testcase>
  <testcase name="testNullInput" classname="com.nt.main.StringUtilTest" time="0.002">
    <system-out><![CDATA[BeforeEach: Test starting...
AfterEach: Test finished.
]]></system-out>
  </testcase>
  <testcase name="testInvalidDay" classname="com.nt.main.StringUtilTest" time="0.003">
    <failure message="expected: &lt;null&gt; but was: &lt;2000-10-20&gt;" type="org.opentest4j.AssertionFailedError"><![CDATA[org.opentest4j.AssertionFailedError: expected: <null> but was: <2000-10-20>
	at org.junit.jupiter.api.AssertionFailureBuilder.build(AssertionFailureBuilder.java:151)
	at org.junit.jupiter.api.AssertionFailureBuilder.buildAndThrow(AssertionFailureBuilder.java:132)
	at org.junit.jupiter.api.AssertNull.failNotNull(AssertNull.java:50)
	at org.junit.jupiter.api.AssertNull.assertNull(AssertNull.java:35)
	at org.junit.jupiter.api.AssertNull.assertNull(AssertNull.java:30)
	at org.junit.jupiter.api.Assertions.assertNull(Assertions.java:279)
	at com.nt.main.StringUtilTest.testInvalidDay(StringUtilTest.java:103)
	at java.base/java.lang.reflect.Method.invoke(Method.java:580)
	at java.base/java.util.ArrayList.forEach(ArrayList.java:1596)
	at java.base/java.util.ArrayList.forEach(ArrayList.java:1596)
]]></failure>
    <system-out><![CDATA[BeforeEach: Test starting...
AfterEach: Test finished.
]]></system-out>
  </testcase>
  <testcase name="testCaseSensitive" classname="com.nt.main.StringUtilTest" time="0.002">
    <system-out><![CDATA[BeforeEach: Test starting...
AfterEach: Test finished.
]]></system-out>
  </testcase>
</testsuite>