<?xml version="1.0" encoding="UTF-8"?>
<testsuite xmlns:xsi="http://www.w3.org/2001/XMLSchema-instance" xsi:noNamespaceSchemaLocation="https://maven.apache.org/surefire/maven-surefire-plugin/xsd/surefire-test-report.xsd" version="3.0.1" name="com.nt.main.ArtemeticOperationsTest" time="0.03" tests="6" errors="0" skipped="1" failures="0">
  <properties>
[...]
</properties>
  <testcase name="sumTestWithPositiveAndNegative" classname="com.nt.main.ArtemeticOperationsTest" time="0.001"/>
  <testcase name="sumTestWithNegativeNumbers" classname="com.nt.main.ArtemeticOperationsTest" time="0.001"/>
  <testcase name="testCalculationWithTime" classname="com.nt.main.ArtemeticOperationsTest" time="0.003"/>
  <testcase name="sumTestWithSmallNumbers" classname="com.nt.main.ArtemeticOperationsTest" time="0.0">
    <skipped message="public void com.nt.main.ArtemeticOperationsTest.sumTestWithSmallNumbers() is @Disabled"/>
  </testcase>
  <testcase name="sumTestWithLargeNumbers" classname="com.nt.main.ArtemeticOperationsTest" time="0.001"/>
  <testcase name="sumTestWithDecimalNumbers" classname="com.nt.main.ArtemeticOperationsTest" time="0.002"/>
</testsuite>